2014-08-23 11:28:12.269 HelloWorld[1783:70b] Multi-tasking -> Device: YES, App: YES
2014-08-23 11:28:12.298 HelloWorld[1783:70b] Unlimited access to network resources
2014-08-23 11:28:12.305 HelloWorld[1783:70b] 

Started backup to iCloud! Please be careful.
Your application might rejected by Apple if you store too much data.
For more information please read "iOS Data Storage Guidelines"
You could find it at the following address https://developer.apple.com/icloud/documentation/data-storage/ .

2014-08-23 11:28:12.669 HelloWorld[1783:70b] Resetting plugins due to page load.
2014-08-23 11:28:12.812 HelloWorld[1783:70b] Finished load of: file:///Users/chrisshelton/Library/Application%20Support/iPhone%20Simulator/7.1/Applications/510CA9CC-3882-4FEC-8923-C299F0D0C0B7/HelloWorld.app/www/index.html
Terminating in response to SpringBoard's termination.
2014-08-23 11:43:37.642 HelloWorld[1997:70b] Multi-tasking -> Device: YES, App: YES
2014-08-23 11:43:37.656 HelloWorld[1997:70b] Unlimited access to network resources
2014-08-23 11:43:37.663 HelloWorld[1997:70b] 

Started backup to iCloud! Please be careful.
Your application might rejected by Apple if you store too much data.
For more information please read "iOS Data Storage Guidelines"
You could find it at the following address https://developer.apple.com/icloud/documentation/data-storage/ .

2014-08-23 11:43:37.818 HelloWorld[1997:70b] Resetting plugins due to page load.
2014-08-23 11:43:37.886 HelloWorld[1997:70b] Finished load of: file:///Users/chrisshelton/Library/Application%20Support/iPhone%20Simulator/7.1/Applications/510CA9CC-3882-4FEC-8923-C299F0D0C0B7/HelloWorld.app/www/index.html
Terminating in response to SpringBoard's termination.
2014-08-23 12:16:06.801 HelloWorld[2250:70b] Multi-tasking -> Device: YES, App: YES
2014-08-23 12:16:06.813 HelloWorld[2250:70b] Unlimited access to network resources
2014-08-23 12:16:06.818 HelloWorld[2250:70b] 

Started backup to iCloud! Please be careful.
Your application might rejected by Apple if you store too much data.
For more information please read "iOS Data Storage Guidelines"
You could find it at the following address https://developer.apple.com/icloud/documentation/data-storage/ .

2014-08-23 12:16:06.978 HelloWorld[2250:70b] Resetting plugins due to page load.
2014-08-23 12:16:07.021 HelloWorld[2250:70b] Finished load of: file:///Users/chrisshelton/Library/Application%20Support/iPhone%20Simulator/7.1/Applications/510CA9CC-3882-4FEC-8923-C299F0D0C0B7/HelloWorld.app/www/index.html
2014-08-23 12:18:09.880 HelloWorld[2434:70b] Multi-tasking -> Device: YES, App: YES
2014-08-23 12:18:09.891 HelloWorld[2434:70b] Unlimited access to network resources
2014-08-23 12:18:09.895 HelloWorld[2434:70b] 

Started backup to iCloud! Please be careful.
Your application might rejected by Apple if you store too much data.
For more information please read "iOS Data Storage Guidelines"
You could find it at the following address https://developer.apple.com/icloud/documentation/data-storage/ .

2014-08-23 12:18:10.060 HelloWorld[2434:70b] Resetting plugins due to page load.
2014-08-23 12:18:10.107 HelloWorld[2434:70b] Finished load of: file:///Users/chrisshelton/Library/Application%20Support/iPhone%20Simulator/7.1/Applications/510CA9CC-3882-4FEC-8923-C299F0D0C0B7/HelloWorld.app/www/index.html
Terminating in response to SpringBoard's termination.
2014-08-23 12:19:10.706 HelloWorld[2614:70b] Multi-tasking -> Device: YES, App: YES
2014-08-23 12:19:10.718 HelloWorld[2614:70b] Unlimited access to network resources
2014-08-23 12:19:10.722 HelloWorld[2614:70b] 

Started backup to iCloud! Please be careful.
Your application might rejected by Apple if you store too much data.
For more information please read "iOS Data Storage Guidelines"
You could find it at the following address https://developer.apple.com/icloud/documentation/data-storage/ .

2014-08-23 12:19:10.874 HelloWorld[2614:70b] Resetting plugins due to page load.
2014-08-23 12:19:10.925 HelloWorld[2614:70b] Finished load of: file:///Users/chrisshelton/Library/Application%20Support/iPhone%20Simulator/7.1/Applications/510CA9CC-3882-4FEC-8923-C299F0D0C0B7/HelloWorld.app/www/index.html
Terminating in response to SpringBoard's termination.
2014-08-23 12:24:05.572 HelloWorld[2810:70b] Multi-tasking -> Device: YES, App: YES
2014-08-23 12:24:05.585 HelloWorld[2810:70b] Unlimited access to network resources
2014-08-23 12:24:05.588 HelloWorld[2810:70b] 

Started backup to iCloud! Please be careful.
Your application might rejected by Apple if you store too much data.
For more information please read "iOS Data Storage Guidelines"
You could find it at the following address https://developer.apple.com/icloud/documentation/data-storage/ .

2014-08-23 12:24:05.743 HelloWorld[2810:70b] Resetting plugins due to page load.
2014-08-23 12:24:05.789 HelloWorld[2810:70b] Finished load of: file:///Users/chrisshelton/Library/Application%20Support/iPhone%20Simulator/7.1/Applications/510CA9CC-3882-4FEC-8923-C299F0D0C0B7/HelloWorld.app/www/index.html
2014-08-23 12:26:28.852 HelloWorld[2999:70b] Multi-tasking -> Device: YES, App: YES
2014-08-23 12:26:28.864 HelloWorld[2999:70b] Unlimited access to network resources
2014-08-23 12:26:28.868 HelloWorld[2999:70b] 

Started backup to iCloud! Please be careful.
Your application might rejected by Apple if you store too much data.
For more information please read "iOS Data Storage Guidelines"
You could find it at the following address https://developer.apple.com/icloud/documentation/data-storage/ .

2014-08-23 12:26:29.027 HelloWorld[2999:70b] Resetting plugins due to page load.
2014-08-23 12:26:29.070 HelloWorld[2999:70b] Finished load of: file:///Users/chrisshelton/Library/Application%20Support/iPhone%20Simulator/7.1/Applications/510CA9CC-3882-4FEC-8923-C299F0D0C0B7/HelloWorld.app/www/index.html
2014-08-23 12:27:30.136 HelloWorld[3179:70b] Multi-tasking -> Device: YES, App: YES
2014-08-23 12:27:30.148 HelloWorld[3179:70b] Unlimited access to network resources
2014-08-23 12:27:30.152 HelloWorld[3179:70b] 

Started backup to iCloud! Please be careful.
Your application might rejected by Apple if you store too much data.
For more information please read "iOS Data Storage Guidelines"
You could find it at the following address https://developer.apple.com/icloud/documentation/data-storage/ .

2014-08-23 12:27:30.318 HelloWorld[3179:70b] Resetting plugins due to page load.
2014-08-23 12:27:30.362 HelloWorld[3179:70b] Finished load of: file:///Users/chrisshelton/Library/Application%20Support/iPhone%20Simulator/7.1/Applications/510CA9CC-3882-4FEC-8923-C299F0D0C0B7/HelloWorld.app/www/index.html
2014-08-23 12:29:03.460 HelloWorld[3370:70b] Multi-tasking -> Device: YES, App: YES
2014-08-23 12:29:03.474 HelloWorld[3370:70b] Unlimited access to network resources
2014-08-23 12:29:03.478 HelloWorld[3370:70b] 

Started backup to iCloud! Please be careful.
Your application might rejected by Apple if you store too much data.
For more information please read "iOS Data Storage Guidelines"
You could find it at the following address https://developer.apple.com/icloud/documentation/data-storage/ .

2014-08-23 12:29:03.641 HelloWorld[3370:70b] Resetting plugins due to page load.
2014-08-23 12:29:03.687 HelloWorld[3370:70b] Finished load of: file:///Users/chrisshelton/Library/Application%20Support/iPhone%20Simulator/7.1/Applications/510CA9CC-3882-4FEC-8923-C299F0D0C0B7/HelloWorld.app/www/index.html
Terminating in response to SpringBoard's termination.
2014-08-23 12:33:40.358 HelloWorld[3569:70b] Multi-tasking -> Device: YES, App: YES
2014-08-23 12:33:40.368 HelloWorld[3569:70b] Unlimited access to network resources
2014-08-23 12:33:40.372 HelloWorld[3569:70b] 

Started backup to iCloud! Please be careful.
Your application might rejected by Apple if you store too much data.
For more information please read "iOS Data Storage Guidelines"
You could find it at the following address https://developer.apple.com/icloud/documentation/data-storage/ .

2014-08-23 12:33:40.524 HelloWorld[3569:70b] Resetting plugins due to page load.
2014-08-23 12:33:40.567 HelloWorld[3569:70b] Finished load of: file:///Users/chrisshelton/Library/Application%20Support/iPhone%20Simulator/7.1/Applications/510CA9CC-3882-4FEC-8923-C299F0D0C0B7/HelloWorld.app/www/index.html
Terminating in response to SpringBoard's termination.
2014-08-23 12:38:14.315 HelloWorld[3767:70b] Multi-tasking -> Device: YES, App: YES
2014-08-23 12:38:14.327 HelloWorld[3767:70b] Unlimited access to network resources
2014-08-23 12:38:14.330 HelloWorld[3767:70b] 

Started backup to iCloud! Please be careful.
Your application might rejected by Apple if you store too much data.
For more information please read "iOS Data Storage Guidelines"
You could find it at the following address https://developer.apple.com/icloud/documentation/data-storage/ .

2014-08-23 12:38:14.493 HelloWorld[3767:70b] Resetting plugins due to page load.
2014-08-23 12:38:14.549 HelloWorld[3767:70b] Finished load of: file:///Users/chrisshelton/Library/Application%20Support/iPhone%20Simulator/7.1/Applications/510CA9CC-3882-4FEC-8923-C299F0D0C0B7/HelloWorld.app/www/index.html
2014-08-23 12:40:02.755 HelloWorld[3767:70b] Received memory warning.
2014-08-23 12:41:39.356 HelloWorld[4016:70b] Multi-tasking -> Device: YES, App: YES
2014-08-23 12:41:39.368 HelloWorld[4016:70b] Unlimited access to network resources
2014-08-23 12:41:39.372 HelloWorld[4016:70b] 

Started backup to iCloud! Please be careful.
Your application might rejected by Apple if you store too much data.
For more information please read "iOS Data Storage Guidelines"
You could find it at the following address https://developer.apple.com/icloud/documentation/data-storage/ .

2014-08-23 12:41:39.530 HelloWorld[4016:70b] Resetting plugins due to page load.
2014-08-23 12:41:39.574 HelloWorld[4016:70b] Finished load of: file:///Users/chrisshelton/Library/Application%20Support/iPhone%20Simulator/7.1/Applications/510CA9CC-3882-4FEC-8923-C299F0D0C0B7/HelloWorld.app/www/index.html
2014-08-23 12:42:07.129 HelloWorld[4165:70b] Multi-tasking -> Device: YES, App: YES
2014-08-23 12:42:07.137 HelloWorld[4165:70b] Unlimited access to network resources
2014-08-23 12:42:07.139 HelloWorld[4165:70b] 

Started backup to iCloud! Please be careful.
Your application might rejected by Apple if you store too much data.
For more information please read "iOS Data Storage Guidelines"
You could find it at the following address https://developer.apple.com/icloud/documentation/data-storage/ .

2014-08-23 12:42:07.197 HelloWorld[4165:70b] Resetting plugins due to page load.
2014-08-23 12:42:07.228 HelloWorld[4165:70b] Finished load of: file:///Users/chrisshelton/Library/Application%20Support/iPhone%20Simulator/7.1/Applications/510CA9CC-3882-4FEC-8923-C299F0D0C0B7/HelloWorld.app/www/index.html
Terminating in response to SpringBoard's termination.
2014-08-23 12:42:47.706 HelloWorld[4334:70b] Multi-tasking -> Device: YES, App: YES
2014-08-23 12:42:47.718 HelloWorld[4334:70b] Unlimited access to network resources
2014-08-23 12:42:47.722 HelloWorld[4334:70b] 

Started backup to iCloud! Please be careful.
Your application might rejected by Apple if you store too much data.
For more information please read "iOS Data Storage Guidelines"
You could find it at the following address https://developer.apple.com/icloud/documentation/data-storage/ .

2014-08-23 12:42:47.883 HelloWorld[4334:70b] Resetting plugins due to page load.
2014-08-23 12:42:47.925 HelloWorld[4334:70b] Finished load of: file:///Users/chrisshelton/Library/Application%20Support/iPhone%20Simulator/7.1/Applications/510CA9CC-3882-4FEC-8923-C299F0D0C0B7/HelloWorld.app/www/index.html
2014-08-23 12:44:29.129 HelloWorld[4516:70b] Multi-tasking -> Device: YES, App: YES
2014-08-23 12:44:29.142 HelloWorld[4516:70b] Unlimited access to network resources
2014-08-23 12:44:29.145 HelloWorld[4516:70b] 

Started backup to iCloud! Please be careful.
Your application might rejected by Apple if you store too much data.
For more information please read "iOS Data Storage Guidelines"
You could find it at the following address https://developer.apple.com/icloud/documentation/data-storage/ .

2014-08-23 12:44:29.301 HelloWorld[4516:70b] Resetting plugins due to page load.
2014-08-23 12:44:29.348 HelloWorld[4516:70b] Finished load of: file:///Users/chrisshelton/Library/Application%20Support/iPhone%20Simulator/7.1/Applications/510CA9CC-3882-4FEC-8923-C299F0D0C0B7/HelloWorld.app/www/index.html
2014-08-23 12:45:31.023 HelloWorld[4696:70b] Multi-tasking -> Device: YES, App: YES
2014-08-23 12:45:31.035 HelloWorld[4696:70b] Unlimited access to network resources
2014-08-23 12:45:31.039 HelloWorld[4696:70b] 

Started backup to iCloud! Please be careful.
Your application might rejected by Apple if you store too much data.
For more information please read "iOS Data Storage Guidelines"
You could find it at the following address https://developer.apple.com/icloud/documentation/data-storage/ .

2014-08-23 12:45:31.196 HelloWorld[4696:70b] Resetting plugins due to page load.
2014-08-23 12:45:31.239 HelloWorld[4696:70b] Finished load of: file:///Users/chrisshelton/Library/Application%20Support/iPhone%20Simulator/7.1/Applications/510CA9CC-3882-4FEC-8923-C299F0D0C0B7/HelloWorld.app/www/index.html
Terminating in response to SpringBoard's termination.
2014-08-23 12:46:21.672 HelloWorld[4874:70b] Multi-tasking -> Device: YES, App: YES
2014-08-23 12:46:21.684 HelloWorld[4874:70b] Unlimited access to network resources
2014-08-23 12:46:21.688 HelloWorld[4874:70b] 

Started backup to iCloud! Please be careful.
Your application might rejected by Apple if you store too much data.
For more information please read "iOS Data Storage Guidelines"
You could find it at the following address https://developer.apple.com/icloud/documentation/data-storage/ .

2014-08-23 12:46:21.846 HelloWorld[4874:70b] Resetting plugins due to page load.
2014-08-23 12:46:21.890 HelloWorld[4874:70b] Finished load of: file:///Users/chrisshelton/Library/Application%20Support/iPhone%20Simulator/7.1/Applications/510CA9CC-3882-4FEC-8923-C299F0D0C0B7/HelloWorld.app/www/index.html
Terminating in response to SpringBoard's termination.
2014-08-23 12:47:14.710 HelloWorld[5052:70b] Multi-tasking -> Device: YES, App: YES
2014-08-23 12:47:14.722 HelloWorld[5052:70b] Unlimited access to network resources
2014-08-23 12:47:14.727 HelloWorld[5052:70b] 

Started backup to iCloud! Please be careful.
Your application might rejected by Apple if you store too much data.
For more information please read "iOS Data Storage Guidelines"
You could find it at the following address https://developer.apple.com/icloud/documentation/data-storage/ .

2014-08-23 12:47:14.898 HelloWorld[5052:70b] Resetting plugins due to page load.
2014-08-23 12:47:14.942 HelloWorld[5052:70b] Finished load of: file:///Users/chrisshelton/Library/Application%20Support/iPhone%20Simulator/7.1/Applications/510CA9CC-3882-4FEC-8923-C299F0D0C0B7/HelloWorld.app/www/index.html
Terminating in response to SpringBoard's termination.
2014-08-23 12:48:40.872 HelloWorld[5237:70b] Multi-tasking -> Device: YES, App: YES
2014-08-23 12:48:40.884 HelloWorld[5237:70b] Unlimited access to network resources
2014-08-23 12:48:40.888 HelloWorld[5237:70b] 

Started backup to iCloud! Please be careful.
Your application might rejected by Apple if you store too much data.
For more information please read "iOS Data Storage Guidelines"
You could find it at the following address https://developer.apple.com/icloud/documentation/data-storage/ .

2014-08-23 12:48:41.042 HelloWorld[5237:70b] Resetting plugins due to page load.
2014-08-23 12:48:41.088 HelloWorld[5237:70b] Finished load of: file:///Users/chrisshelton/Library/Application%20Support/iPhone%20Simulator/7.1/Applications/510CA9CC-3882-4FEC-8923-C299F0D0C0B7/HelloWorld.app/www/index.html
2014-08-23 12:49:48.158 HelloWorld[5415:70b] Multi-tasking -> Device: YES, App: YES
2014-08-23 12:49:48.171 HelloWorld[5415:70b] Unlimited access to network resources
2014-08-23 12:49:48.174 HelloWorld[5415:70b] 

Started backup to iCloud! Please be careful.
Your application might rejected by Apple if you store too much data.
For more information please read "iOS Data Storage Guidelines"
You could find it at the following address https://developer.apple.com/icloud/documentation/data-storage/ .

2014-08-23 12:49:48.331 HelloWorld[5415:70b] Resetting plugins due to page load.
2014-08-23 12:49:48.375 HelloWorld[5415:70b] Finished load of: file:///Users/chrisshelton/Library/Application%20Support/iPhone%20Simulator/7.1/Applications/510CA9CC-3882-4FEC-8923-C299F0D0C0B7/HelloWorld.app/www/index.html
2014-08-23 12:55:07.701 HelloWorld[5611:70b] Multi-tasking -> Device: YES, App: YES
2014-08-23 12:55:07.713 HelloWorld[5611:70b] Unlimited access to network resources
2014-08-23 12:55:07.718 HelloWorld[5611:70b] 

Started backup to iCloud! Please be careful.
Your application might rejected by Apple if you store too much data.
For more information please read "iOS Data Storage Guidelines"
You could find it at the following address https://developer.apple.com/icloud/documentation/data-storage/ .

2014-08-23 12:55:07.869 HelloWorld[5611:70b] Resetting plugins due to page load.
2014-08-23 12:55:07.913 HelloWorld[5611:70b] Finished load of: file:///Users/chrisshelton/Library/Application%20Support/iPhone%20Simulator/7.1/Applications/510CA9CC-3882-4FEC-8923-C299F0D0C0B7/HelloWorld.app/www/index.html
2014-08-23 12:56:40.912 HelloWorld[5791:70b] Multi-tasking -> Device: YES, App: YES
2014-08-23 12:56:40.927 HelloWorld[5791:70b] Unlimited access to network resources
2014-08-23 12:56:40.931 HelloWorld[5791:70b] 

Started backup to iCloud! Please be careful.
Your application might rejected by Apple if you store too much data.
For more information please read "iOS Data Storage Guidelines"
You could find it at the following address https://developer.apple.com/icloud/documentation/data-storage/ .

2014-08-23 12:56:41.104 HelloWorld[5791:70b] Resetting plugins due to page load.
2014-08-23 12:56:41.154 HelloWorld[5791:70b] Finished load of: file:///Users/chrisshelton/Library/Application%20Support/iPhone%20Simulator/7.1/Applications/510CA9CC-3882-4FEC-8923-C299F0D0C0B7/HelloWorld.app/www/index.html
2014-08-23 12:58:21.583 HelloWorld[5977:70b] Multi-tasking -> Device: YES, App: YES
2014-08-23 12:58:21.595 HelloWorld[5977:70b] Unlimited access to network resources
2014-08-23 12:58:21.598 HelloWorld[5977:70b] 

Started backup to iCloud! Please be careful.
Your application might rejected by Apple if you store too much data.
For more information please read "iOS Data Storage Guidelines"
You could find it at the following address https://developer.apple.com/icloud/documentation/data-storage/ .

2014-08-23 12:58:21.759 HelloWorld[5977:70b] Resetting plugins due to page load.
2014-08-23 12:58:21.808 HelloWorld[5977:70b] Finished load of: file:///Users/chrisshelton/Library/Application%20Support/iPhone%20Simulator/7.1/Applications/510CA9CC-3882-4FEC-8923-C299F0D0C0B7/HelloWorld.app/www/index.html
2014-08-23 12:58:49.931 HelloWorld[6153:70b] Multi-tasking -> Device: YES, App: YES
2014-08-23 12:58:49.943 HelloWorld[6153:70b] Unlimited access to network resources
2014-08-23 12:58:49.948 HelloWorld[6153:70b] 

Started backup to iCloud! Please be careful.
Your application might rejected by Apple if you store too much data.
For more information please read "iOS Data Storage Guidelines"
You could find it at the following address https://developer.apple.com/icloud/documentation/data-storage/ .

2014-08-23 12:58:50.106 HelloWorld[6153:70b] Resetting plugins due to page load.
2014-08-23 12:58:50.153 HelloWorld[6153:70b] Finished load of: file:///Users/chrisshelton/Library/Application%20Support/iPhone%20Simulator/7.1/Applications/510CA9CC-3882-4FEC-8923-C299F0D0C0B7/HelloWorld.app/www/index.html
Terminating in response to SpringBoard's termination.
2014-08-23 13:09:06.787 HelloWorld[6352:70b] Multi-tasking -> Device: YES, App: YES
2014-08-23 13:09:06.800 HelloWorld[6352:70b] Unlimited access to network resources
2014-08-23 13:09:06.803 HelloWorld[6352:70b] 

Started backup to iCloud! Please be careful.
Your application might rejected by Apple if you store too much data.
For more information please read "iOS Data Storage Guidelines"
You could find it at the following address https://developer.apple.com/icloud/documentation/data-storage/ .

2014-08-23 13:09:06.965 HelloWorld[6352:70b] Resetting plugins due to page load.
2014-08-23 13:09:07.010 HelloWorld[6352:70b] Finished load of: file:///Users/chrisshelton/Library/Application%20Support/iPhone%20Simulator/7.1/Applications/510CA9CC-3882-4FEC-8923-C299F0D0C0B7/HelloWorld.app/www/index.html
2014-08-23 13:09:40.411 HelloWorld[6527:70b] Multi-tasking -> Device: YES, App: YES
2014-08-23 13:09:40.423 HelloWorld[6527:70b] Unlimited access to network resources
2014-08-23 13:09:40.427 HelloWorld[6527:70b] 

Started backup to iCloud! Please be careful.
Your application might rejected by Apple if you store too much data.
For more information please read "iOS Data Storage Guidelines"
You could find it at the following address https://developer.apple.com/icloud/documentation/data-storage/ .

2014-08-23 13:09:40.597 HelloWorld[6527:70b] Resetting plugins due to page load.
2014-08-23 13:09:40.645 HelloWorld[6527:70b] Finished load of: file:///Users/chrisshelton/Library/Application%20Support/iPhone%20Simulator/7.1/Applications/510CA9CC-3882-4FEC-8923-C299F0D0C0B7/HelloWorld.app/www/index.html
Terminating in response to SpringBoard's termination.
2014-08-23 13:11:10.128 HelloWorld[6710:70b] Multi-tasking -> Device: YES, App: YES
2014-08-23 13:11:10.141 HelloWorld[6710:70b] Unlimited access to network resources
2014-08-23 13:11:10.144 HelloWorld[6710:70b] 

Started backup to iCloud! Please be careful.
Your application might rejected by Apple if you store too much data.
For more information please read "iOS Data Storage Guidelines"
You could find it at the following address https://developer.apple.com/icloud/documentation/data-storage/ .

2014-08-23 13:11:10.317 HelloWorld[6710:70b] Resetting plugins due to page load.
2014-08-23 13:11:10.364 HelloWorld[6710:70b] Finished load of: file:///Users/chrisshelton/Library/Application%20Support/iPhone%20Simulator/7.1/Applications/510CA9CC-3882-4FEC-8923-C299F0D0C0B7/HelloWorld.app/www/index.html
2014-08-23 13:52:08.540 HelloWorld[7158:70b] Multi-tasking -> Device: YES, App: YES
2014-08-23 13:52:08.557 HelloWorld[7158:70b] Unlimited access to network resources
2014-08-23 13:52:08.562 HelloWorld[7158:70b] 

Started backup to iCloud! Please be careful.
Your application might rejected by Apple if you store too much data.
For more information please read "iOS Data Storage Guidelines"
You could find it at the following address https://developer.apple.com/icloud/documentation/data-storage/ .

2014-08-23 13:52:08.728 HelloWorld[7158:70b] Resetting plugins due to page load.
2014-08-23 13:52:08.778 HelloWorld[7158:70b] Finished load of: file:///Users/chrisshelton/Library/Application%20Support/iPhone%20Simulator/7.1/Applications/510CA9CC-3882-4FEC-8923-C299F0D0C0B7/HelloWorld.app/www/index.html
2014-08-23 13:59:37.797 HelloWorld[7351:70b] Multi-tasking -> Device: YES, App: YES
2014-08-23 13:59:37.809 HelloWorld[7351:70b] Unlimited access to network resources
2014-08-23 13:59:37.813 HelloWorld[7351:70b] 

Started backup to iCloud! Please be careful.
Your application might rejected by Apple if you store too much data.
For more information please read "iOS Data Storage Guidelines"
You could find it at the following address https://developer.apple.com/icloud/documentation/data-storage/ .

2014-08-23 13:59:37.972 HelloWorld[7351:70b] Resetting plugins due to page load.
2014-08-23 13:59:38.015 HelloWorld[7351:70b] Finished load of: file:///Users/chrisshelton/Library/Application%20Support/iPhone%20Simulator/7.1/Applications/510CA9CC-3882-4FEC-8923-C299F0D0C0B7/HelloWorld.app/www/index.html
2014-08-23 14:04:12.906 HelloWorld[7538:70b] Multi-tasking -> Device: YES, App: YES
2014-08-23 14:04:12.921 HelloWorld[7538:70b] Unlimited access to network resources
2014-08-23 14:04:12.925 HelloWorld[7538:70b] 

Started backup to iCloud! Please be careful.
Your application might rejected by Apple if you store too much data.
For more information please read "iOS Data Storage Guidelines"
You could find it at the following address https://developer.apple.com/icloud/documentation/data-storage/ .

2014-08-23 14:04:13.078 HelloWorld[7538:70b] Resetting plugins due to page load.
2014-08-23 14:04:13.122 HelloWorld[7538:70b] Finished load of: file:///Users/chrisshelton/Library/Application%20Support/iPhone%20Simulator/7.1/Applications/510CA9CC-3882-4FEC-8923-C299F0D0C0B7/HelloWorld.app/www/index.html
Terminating in response to SpringBoard's termination.
2014-08-23 14:06:36.675 HelloWorld[7720:70b] Multi-tasking -> Device: YES, App: YES
2014-08-23 14:06:36.687 HelloWorld[7720:70b] Unlimited access to network resources
2014-08-23 14:06:36.691 HelloWorld[7720:70b] 

Started backup to iCloud! Please be careful.
Your application might rejected by Apple if you store too much data.
For more information please read "iOS Data Storage Guidelines"
You could find it at the following address https://developer.apple.com/icloud/documentation/data-storage/ .

2014-08-23 14:06:36.860 HelloWorld[7720:70b] Resetting plugins due to page load.
2014-08-23 14:06:36.908 HelloWorld[7720:70b] Finished load of: file:///Users/chrisshelton/Library/Application%20Support/iPhone%20Simulator/7.1/Applications/510CA9CC-3882-4FEC-8923-C299F0D0C0B7/HelloWorld.app/www/index.html
2014-08-23 14:09:17.972 HelloWorld[7912:70b] Multi-tasking -> Device: YES, App: YES
2014-08-23 14:09:17.985 HelloWorld[7912:70b] Unlimited access to network resources
2014-08-23 14:09:17.989 HelloWorld[7912:70b] 

Started backup to iCloud! Please be careful.
Your application might rejected by Apple if you store too much data.
For more information please read "iOS Data Storage Guidelines"
You could find it at the following address https://developer.apple.com/icloud/documentation/data-storage/ .

2014-08-23 14:09:18.145 HelloWorld[7912:70b] Resetting plugins due to page load.
2014-08-23 14:09:18.189 HelloWorld[7912:70b] Finished load of: file:///Users/chrisshelton/Library/Application%20Support/iPhone%20Simulator/7.1/Applications/510CA9CC-3882-4FEC-8923-C299F0D0C0B7/HelloWorld.app/www/index.html
2014-08-23 14:19:42.674 HelloWorld[8117:70b] Multi-tasking -> Device: YES, App: YES
2014-08-23 14:19:42.686 HelloWorld[8117:70b] Unlimited access to network resources
2014-08-23 14:19:42.690 HelloWorld[8117:70b] 

Started backup to iCloud! Please be careful.
Your application might rejected by Apple if you store too much data.
For more information please read "iOS Data Storage Guidelines"
You could find it at the following address https://developer.apple.com/icloud/documentation/data-storage/ .

2014-08-23 14:19:42.846 HelloWorld[8117:70b] Resetting plugins due to page load.
2014-08-23 14:19:42.890 HelloWorld[8117:70b] Finished load of: file:///Users/chrisshelton/Library/Application%20Support/iPhone%20Simulator/7.1/Applications/510CA9CC-3882-4FEC-8923-C299F0D0C0B7/HelloWorld.app/www/index.html
2014-08-23 14:31:19.813 HelloWorld[8325:70b] Multi-tasking -> Device: YES, App: YES
2014-08-23 14:31:19.826 HelloWorld[8325:70b] Unlimited access to network resources
2014-08-23 14:31:19.829 HelloWorld[8325:70b] 

Started backup to iCloud! Please be careful.
Your application might rejected by Apple if you store too much data.
For more information please read "iOS Data Storage Guidelines"
You could find it at the following address https://developer.apple.com/icloud/documentation/data-storage/ .

2014-08-23 14:31:19.982 HelloWorld[8325:70b] Resetting plugins due to page load.
2014-08-23 14:31:20.049 HelloWorld[8325:70b] Finished load of: file:///Users/chrisshelton/Library/Application%20Support/iPhone%20Simulator/7.1/Applications/510CA9CC-3882-4FEC-8923-C299F0D0C0B7/HelloWorld.app/www/index.html
2014-08-23 14:31:48.982 HelloWorld[8506:70b] Multi-tasking -> Device: YES, App: YES
2014-08-23 14:31:48.998 HelloWorld[8506:70b] Unlimited access to network resources
2014-08-23 14:31:49.001 HelloWorld[8506:70b] 

Started backup to iCloud! Please be careful.
Your application might rejected by Apple if you store too much data.
For more information please read "iOS Data Storage Guidelines"
You could find it at the following address https://developer.apple.com/icloud/documentation/data-storage/ .

2014-08-23 14:31:49.149 HelloWorld[8506:70b] Resetting plugins due to page load.
2014-08-23 14:31:49.194 HelloWorld[8506:70b] Finished load of: file:///Users/chrisshelton/Library/Application%20Support/iPhone%20Simulator/7.1/Applications/510CA9CC-3882-4FEC-8923-C299F0D0C0B7/HelloWorld.app/www/index.html
Terminating in response to SpringBoard's termination.
2014-08-23 14:33:09.055 HelloWorld[8687:70b] Multi-tasking -> Device: YES, App: YES
2014-08-23 14:33:09.067 HelloWorld[8687:70b] Unlimited access to network resources
2014-08-23 14:33:09.070 HelloWorld[8687:70b] 

Started backup to iCloud! Please be careful.
Your application might rejected by Apple if you store too much data.
For more information please read "iOS Data Storage Guidelines"
You could find it at the following address https://developer.apple.com/icloud/documentation/data-storage/ .

2014-08-23 14:33:09.231 HelloWorld[8687:70b] Resetting plugins due to page load.
2014-08-23 14:33:09.277 HelloWorld[8687:70b] Finished load of: file:///Users/chrisshelton/Library/Application%20Support/iPhone%20Simulator/7.1/Applications/510CA9CC-3882-4FEC-8923-C299F0D0C0B7/HelloWorld.app/www/index.html
2014-08-23 14:36:38.862 HelloWorld[8877:70b] Multi-tasking -> Device: YES, App: YES
2014-08-23 14:36:38.874 HelloWorld[8877:70b] Unlimited access to network resources
2014-08-23 14:36:38.878 HelloWorld[8877:70b] 

Started backup to iCloud! Please be careful.
Your application might rejected by Apple if you store too much data.
For more information please read "iOS Data Storage Guidelines"
You could find it at the following address https://developer.apple.com/icloud/documentation/data-storage/ .

2014-08-23 14:36:39.039 HelloWorld[8877:70b] Resetting plugins due to page load.
2014-08-23 14:36:39.090 HelloWorld[8877:70b] Finished load of: file:///Users/chrisshelton/Library/Application%20Support/iPhone%20Simulator/7.1/Applications/510CA9CC-3882-4FEC-8923-C299F0D0C0B7/HelloWorld.app/www/index.html
Terminating in response to SpringBoard's termination.
2014-08-23 14:37:45.182 HelloWorld[9055:70b] Multi-tasking -> Device: YES, App: YES
2014-08-23 14:37:45.194 HelloWorld[9055:70b] Unlimited access to network resources
2014-08-23 14:37:45.198 HelloWorld[9055:70b] 

Started backup to iCloud! Please be careful.
Your application might rejected by Apple if you store too much data.
For more information please read "iOS Data Storage Guidelines"
You could find it at the following address https://developer.apple.com/icloud/documentation/data-storage/ .

2014-08-23 14:37:45.359 HelloWorld[9055:70b] Resetting plugins due to page load.
2014-08-23 14:37:45.406 HelloWorld[9055:70b] Finished load of: file:///Users/chrisshelton/Library/Application%20Support/iPhone%20Simulator/7.1/Applications/510CA9CC-3882-4FEC-8923-C299F0D0C0B7/HelloWorld.app/www/index.html
2014-08-23 14:39:48.702 HelloWorld[9236:70b] Multi-tasking -> Device: YES, App: YES
2014-08-23 14:39:48.714 HelloWorld[9236:70b] Unlimited access to network resources
2014-08-23 14:39:48.718 HelloWorld[9236:70b] 

Started backup to iCloud! Please be careful.
Your application might rejected by Apple if you store too much data.
For more information please read "iOS Data Storage Guidelines"
You could find it at the following address https://developer.apple.com/icloud/documentation/data-storage/ .

2014-08-23 14:39:48.889 HelloWorld[9236:70b] Resetting plugins due to page load.
2014-08-23 14:39:48.937 HelloWorld[9236:70b] Finished load of: file:///Users/chrisshelton/Library/Application%20Support/iPhone%20Simulator/7.1/Applications/510CA9CC-3882-4FEC-8923-C299F0D0C0B7/HelloWorld.app/www/index.html
2014-08-23 14:40:24.269 HelloWorld[9413:70b] Multi-tasking -> Device: YES, App: YES
2014-08-23 14:40:24.281 HelloWorld[9413:70b] Unlimited access to network resources
2014-08-23 14:40:24.285 HelloWorld[9413:70b] 

Started backup to iCloud! Please be careful.
Your application might rejected by Apple if you store too much data.
For more information please read "iOS Data Storage Guidelines"
You could find it at the following address https://developer.apple.com/icloud/documentation/data-storage/ .

2014-08-23 14:40:24.445 HelloWorld[9413:70b] Resetting plugins due to page load.
2014-08-23 14:40:24.496 HelloWorld[9413:70b] Finished load of: file:///Users/chrisshelton/Library/Application%20Support/iPhone%20Simulator/7.1/Applications/510CA9CC-3882-4FEC-8923-C299F0D0C0B7/HelloWorld.app/www/index.html
2014-08-23 14:40:56.092 HelloWorld[9588:70b] Multi-tasking -> Device: YES, App: YES
2014-08-23 14:40:56.105 HelloWorld[9588:70b] Unlimited access to network resources
2014-08-23 14:40:56.108 HelloWorld[9588:70b] 

Started backup to iCloud! Please be careful.
Your application might rejected by Apple if you store too much data.
For more information please read "iOS Data Storage Guidelines"
You could find it at the following address https://developer.apple.com/icloud/documentation/data-storage/ .

2014-08-23 14:40:56.266 HelloWorld[9588:70b] Resetting plugins due to page load.
2014-08-23 14:40:56.313 HelloWorld[9588:70b] Finished load of: file:///Users/chrisshelton/Library/Application%20Support/iPhone%20Simulator/7.1/Applications/510CA9CC-3882-4FEC-8923-C299F0D0C0B7/HelloWorld.app/www/index.html
2014-08-23 14:41:18.763 HelloWorld[9763:70b] Multi-tasking -> Device: YES, App: YES
2014-08-23 14:41:18.775 HelloWorld[9763:70b] Unlimited access to network resources
2014-08-23 14:41:18.778 HelloWorld[9763:70b] 

Started backup to iCloud! Please be careful.
Your application might rejected by Apple if you store too much data.
For more information please read "iOS Data Storage Guidelines"
You could find it at the following address https://developer.apple.com/icloud/documentation/data-storage/ .

2014-08-23 14:41:18.930 HelloWorld[9763:70b] Resetting plugins due to page load.
2014-08-23 14:41:18.975 HelloWorld[9763:70b] Finished load of: file:///Users/chrisshelton/Library/Application%20Support/iPhone%20Simulator/7.1/Applications/510CA9CC-3882-4FEC-8923-C299F0D0C0B7/HelloWorld.app/www/index.html
Terminating in response to SpringBoard's termination.
2014-08-23 14:41:39.906 HelloWorld[9938:70b] Multi-tasking -> Device: YES, App: YES
2014-08-23 14:41:39.918 HelloWorld[9938:70b] Unlimited access to network resources
2014-08-23 14:41:39.922 HelloWorld[9938:70b] 

Started backup to iCloud! Please be careful.
Your application might rejected by Apple if you store too much data.
For more information please read "iOS Data Storage Guidelines"
You could find it at the following address https://developer.apple.com/icloud/documentation/data-storage/ .

2014-08-23 14:41:40.075 HelloWorld[9938:70b] Resetting plugins due to page load.
2014-08-23 14:41:40.121 HelloWorld[9938:70b] Finished load of: file:///Users/chrisshelton/Library/Application%20Support/iPhone%20Simulator/7.1/Applications/510CA9CC-3882-4FEC-8923-C299F0D0C0B7/HelloWorld.app/www/index.html
Terminating in response to SpringBoard's termination.
2014-08-23 14:54:25.187 HelloWorld[10145:70b] Multi-tasking -> Device: YES, App: YES
2014-08-23 14:54:25.200 HelloWorld[10145:70b] Unlimited access to network resources
2014-08-23 14:54:25.203 HelloWorld[10145:70b] 

Started backup to iCloud! Please be careful.
Your application might rejected by Apple if you store too much data.
For more information please read "iOS Data Storage Guidelines"
You could find it at the following address https://developer.apple.com/icloud/documentation/data-storage/ .

2014-08-23 14:54:25.365 HelloWorld[10145:70b] Resetting plugins due to page load.
2014-08-23 14:54:25.417 HelloWorld[10145:70b] Finished load of: file:///Users/chrisshelton/Library/Application%20Support/iPhone%20Simulator/7.1/Applications/510CA9CC-3882-4FEC-8923-C299F0D0C0B7/HelloWorld.app/www/index.html
Terminating in response to SpringBoard's termination.
2014-08-23 15:09:44.469 HelloWorld[10398:70b] Multi-tasking -> Device: YES, App: YES
2014-08-23 15:09:44.482 HelloWorld[10398:70b] Unlimited access to network resources
2014-08-23 15:09:44.486 HelloWorld[10398:70b] 

Started backup to iCloud! Please be careful.
Your application might rejected by Apple if you store too much data.
For more information please read "iOS Data Storage Guidelines"
You could find it at the following address https://developer.apple.com/icloud/documentation/data-storage/ .

2014-08-23 15:09:44.642 HelloWorld[10398:70b] Resetting plugins due to page load.
2014-08-23 15:09:44.687 HelloWorld[10398:70b] Finished load of: file:///Users/chrisshelton/Library/Application%20Support/iPhone%20Simulator/7.1/Applications/510CA9CC-3882-4FEC-8923-C299F0D0C0B7/HelloWorld.app/www/index.html
2014-08-23 15:14:34.734 HelloWorld[10821:70b] Multi-tasking -> Device: YES, App: YES
2014-08-23 15:14:34.747 HelloWorld[10821:70b] Unlimited access to network resources
2014-08-23 15:14:34.754 HelloWorld[10821:70b] 

Started backup to iCloud! Please be careful.
Your application might rejected by Apple if you store too much data.
For more information please read "iOS Data Storage Guidelines"
You could find it at the following address https://developer.apple.com/icloud/documentation/data-storage/ .

2014-08-23 15:14:34.916 HelloWorld[10821:70b] Resetting plugins due to page load.
2014-08-23 15:14:34.967 HelloWorld[10821:70b] Finished load of: file:///Users/chrisshelton/Library/Application%20Support/iPhone%20Simulator/7.1/Applications/510CA9CC-3882-4FEC-8923-C299F0D0C0B7/HelloWorld.app/www/index.html
2014-08-23 15:16:15.778 HelloWorld[11011:70b] Multi-tasking -> Device: YES, App: YES
2014-08-23 15:16:15.792 HelloWorld[11011:70b] Unlimited access to network resources
2014-08-23 15:16:15.801 HelloWorld[11011:70b] 

Started backup to iCloud! Please be careful.
Your application might rejected by Apple if you store too much data.
For more information please read "iOS Data Storage Guidelines"
You could find it at the following address https://developer.apple.com/icloud/documentation/data-storage/ .

2014-08-23 15:16:15.958 HelloWorld[11011:70b] Resetting plugins due to page load.
2014-08-23 15:16:16.008 HelloWorld[11011:70b] Finished load of: file:///Users/chrisshelton/Library/Application%20Support/iPhone%20Simulator/7.1/Applications/510CA9CC-3882-4FEC-8923-C299F0D0C0B7/HelloWorld.app/www/index.html
2014-08-23 15:17:03.326 HelloWorld[11187:70b] Multi-tasking -> Device: YES, App: YES
2014-08-23 15:17:03.338 HelloWorld[11187:70b] Unlimited access to network resources
2014-08-23 15:17:03.342 HelloWorld[11187:70b] 

Started backup to iCloud! Please be careful.
Your application might rejected by Apple if you store too much data.
For more information please read "iOS Data Storage Guidelines"
You could find it at the following address https://developer.apple.com/icloud/documentation/data-storage/ .

2014-08-23 15:17:03.512 HelloWorld[11187:70b] Resetting plugins due to page load.
2014-08-23 15:17:03.564 HelloWorld[11187:70b] Finished load of: file:///Users/chrisshelton/Library/Application%20Support/iPhone%20Simulator/7.1/Applications/510CA9CC-3882-4FEC-8923-C299F0D0C0B7/HelloWorld.app/www/index.html
2014-08-23 15:35:02.873 HelloWorld[11424:70b] Multi-tasking -> Device: YES, App: YES
2014-08-23 15:35:02.885 HelloWorld[11424:70b] Unlimited access to network resources
2014-08-23 15:35:02.889 HelloWorld[11424:70b] 

Started backup to iCloud! Please be careful.
Your application might rejected by Apple if you store too much data.
For more information please read "iOS Data Storage Guidelines"
You could find it at the following address https://developer.apple.com/icloud/documentation/data-storage/ .

2014-08-23 15:35:03.045 HelloWorld[11424:70b] Resetting plugins due to page load.
2014-08-23 15:35:03.099 HelloWorld[11424:70b] Finished load of: file:///Users/chrisshelton/Library/Application%20Support/iPhone%20Simulator/7.1/Applications/510CA9CC-3882-4FEC-8923-C299F0D0C0B7/HelloWorld.app/www/index.html
